
> imperium-gate-real-estate@1.0.0 build
> next build --webpack

Attention: Next.js now collects completely anonymous telemetry regarding usage.
This information is used to shape Next.js' roadmap and prioritize features.
You can learn more, including how to opt-out if you'd not like to participate in this anonymous program, by visiting the following URL:
https://nextjs.org/telemetry

   ▲ Next.js 16.0.1 (webpack)
   - Environments: .env.local
   - Experiments (use with caution):
     · optimizePackageImports

   Creating an optimized production build ...
 ✓ Compiled successfully in 19.9s
   Running TypeScript ...
Failed to compile.

Type error: Type 'typeof import("/workspaces/imgv3/app/[locale]/layout")' does not satisfy the constraint 'LayoutConfig<"/[locale]">'.
  Types of property 'default' are incompatible.
    Type '({ children, params, }: { children: ReactNode; params: { locale: string; }; }) => Promise<Element>' is not assignable to type 'ComponentType<LayoutProps<"/[locale]">> | ((props: LayoutProps<"/[locale]">) => void | Promise<void> | ReactNode | Promise<...>)'.
      Type '({ children, params, }: { children: ReactNode; params: { locale: string; }; }) => Promise<Element>' is not assignable to type 'FunctionComponent<LayoutProps<"/[locale]">>'.
        Types of parameters '__0' and 'props' are incompatible.
          Type 'LayoutProps<"/[locale]">' is not assignable to type '{ children: ReactNode; params: { locale: string; }; }'.
            Types of property 'params' are incompatible.
              Property 'locale' is missing in type 'Promise<{ locale: string; }>' but required in type '{ locale: string; }'.

Next.js build worker exited with code: 1 and signal: null
